<?xml version="1.0" encoding="UTF-8"?>
<!-- Generated by org.testng.reporters.JUnitReportReporter -->
<testsuite hostname="RAKUS089" failures="0" tests="1" name="test.authentication.LoginTest" time="14.780" errors="0" timestamp="2021-11-27T07:04:47 ICT" skipped="0">
  <testcase classname="test.authentication.LoginTest" name="loginWithCorrectCreds" time="14.780"/>
  <system-out/>
</testsuite> <!-- test.authentication.LoginTest -->
