<?xml version="1.0" encoding="UTF-8"?>
<!-- Generated by org.testng.reporters.JUnitReportReporter -->
<testsuite hostname="RAKUS089" failures="0" tests="1" name="test.authentication.SignUpTest" time="20.239" errors="0" timestamp="2021-11-27T07:04:47 ICT" skipped="0">
  <testcase classname="test.authentication.SignUpTest" name="SignUp" time="20.239"/>
  <system-out/>
</testsuite> <!-- test.authentication.SignUpTest -->
